<?xml version="1.0" encoding="UTF-8"?>
<!-- Generated by org.testng.reporters.JUnitXMLReporter -->
<testsuite ignored="0" hostname="LAPTOP-077COGF2" failures="0" tests="3" name="NOPCommerceResource Test" time="34.696" errors="0" timestamp="2022-12-21T04:10:10 GMT">
  <testcase classname="com.Testcases.TC_003_SearchCustomerByEmail" name="searchCustomerbyEmail" time="6.665"/>
  <testcase classname="com.Testcases.TC_001_LoginTest" name="loginTest" time="2.233"/>
  <testcase classname="com.Testcases.TC_002_AddNewCustomerTest" name="AddnewCustomer" time="13.848"/>
</testsuite> <!-- NOPCommerceResource Test -->
