<?xml version="1.0" encoding="UTF-8"?>
<!-- Generated by org.testng.reporters.JUnitXMLReporter -->
<testsuite ignored="0" hostname="LAPTOP-077COGF2" failures="0" tests="4" name="NOPCommerceResource Test" time="15.081" errors="0" timestamp="2022-12-20T20:42:34 GMT">
  <testcase classname="com.Testcases.TC_005_DDT" name="loginTestDDt" time="6.024"/>
  <testcase classname="com.Testcases.TC_005_DDT" name="loginTestDDt" time="0.502"/>
  <testcase classname="com.Testcases.TC_005_DDT" name="loginTestDDt" time="0.522"/>
  <testcase classname="com.Testcases.TC_005_DDT" name="loginTestDDt" time="0.503"/>
</testsuite> <!-- NOPCommerceResource Test -->
