<?xml version="1.0" encoding="UTF-8"?>
<testng-results ignored="0" total="4" passed="4" failed="0" skipped="0">
  <reporter-output>
  </reporter-output>
  <suite started-at="2022-12-20T20:58:21 GMT" name="Suite" finished-at="2022-12-20T20:58:36 GMT" duration-ms="15500">
    <groups>
    </groups>
    <test started-at="2022-12-20T20:58:21 GMT" name="NOPCommerceResource Test" finished-at="2022-12-20T20:58:36 GMT" duration-ms="15500">
      <class name="com.Testcases.TC_005_DDT">
        <test-method is-config="true" signature="setup(java.lang.String)[pri:0, instance:com.Testcases.TC_005_DDT@5542c4ed]" started-at="2022-12-20T20:58:21 GMT" name="setup" finished-at="2022-12-20T20:58:26 GMT" duration-ms="5411" status="PASS">
          <params>
            <param index="0">
              <value>
                <![CDATA[chrome]]>
              </value>
            </param>
          </params>
          <reporter-output>
          </reporter-output>
        </test-method> <!-- setup -->
        <test-method signature="loginTestDDt(java.lang.String,java.lang.String,java.lang.String)[pri:0, instance:com.Testcases.TC_005_DDT@5542c4ed]" started-at="2022-12-20T20:58:28 GMT" name="loginTestDDt" data-provider="LoginData" finished-at="2022-12-20T20:58:34 GMT" duration-ms="6246" status="PASS">
          <params>
            <param index="0">
              <value>
                <![CDATA[admin@yourstore.com ]]>
              </value>
            </param>
            <param index="1">
              <value>
                <![CDATA[admin]]>
              </value>
            </param>
            <param index="2">
              <value>
                <![CDATA[Pass]]>
              </value>
            </param>
          </params>
          <reporter-output>
          </reporter-output>
        </test-method> <!-- loginTestDDt -->
        <test-method signature="loginTestDDt(java.lang.String,java.lang.String,java.lang.String)[pri:0, instance:com.Testcases.TC_005_DDT@5542c4ed]" started-at="2022-12-20T20:58:34 GMT" name="loginTestDDt" data-provider="LoginData" finished-at="2022-12-20T20:58:34 GMT" duration-ms="540" status="PASS">
          <params>
            <param index="0">
              <value>
                <![CDATA[admin@yourstore.com ]]>
              </value>
            </param>
            <param index="1">
              <value>
                <![CDATA[adm]]>
              </value>
            </param>
            <param index="2">
              <value>
                <![CDATA[Fail]]>
              </value>
            </param>
          </params>
          <reporter-output>
          </reporter-output>
        </test-method> <!-- loginTestDDt -->
        <test-method signature="loginTestDDt(java.lang.String,java.lang.String,java.lang.String)[pri:0, instance:com.Testcases.TC_005_DDT@5542c4ed]" started-at="2022-12-20T20:58:34 GMT" name="loginTestDDt" data-provider="LoginData" finished-at="2022-12-20T20:58:35 GMT" duration-ms="530" status="PASS">
          <params>
            <param index="0">
              <value>
                <![CDATA[adm@yourstore.com]]>
              </value>
            </param>
            <param index="1">
              <value>
                <![CDATA[admin]]>
              </value>
            </param>
            <param index="2">
              <value>
                <![CDATA[Fail]]>
              </value>
            </param>
          </params>
          <reporter-output>
          </reporter-output>
        </test-method> <!-- loginTestDDt -->
        <test-method signature="loginTestDDt(java.lang.String,java.lang.String,java.lang.String)[pri:0, instance:com.Testcases.TC_005_DDT@5542c4ed]" started-at="2022-12-20T20:58:35 GMT" name="loginTestDDt" data-provider="LoginData" finished-at="2022-12-20T20:58:35 GMT" duration-ms="471" status="PASS">
          <params>
            <param index="0">
              <value>
                <![CDATA[adm@yourstore.com]]>
              </value>
            </param>
            <param index="1">
              <value>
                <![CDATA[adm]]>
              </value>
            </param>
            <param index="2">
              <value>
                <![CDATA[Fail]]>
              </value>
            </param>
          </params>
          <reporter-output>
          </reporter-output>
        </test-method> <!-- loginTestDDt -->
        <test-method is-config="true" signature="tearDown()[pri:0, instance:com.Testcases.TC_005_DDT@5542c4ed]" started-at="2022-12-20T20:58:35 GMT" name="tearDown" finished-at="2022-12-20T20:58:36 GMT" duration-ms="698" status="PASS">
          <reporter-output>
          </reporter-output>
        </test-method> <!-- tearDown -->
      </class> <!-- com.Testcases.TC_005_DDT -->
    </test> <!-- NOPCommerceResource Test -->
  </suite> <!-- Suite -->
</testng-results>
