<?xml version="1.0" encoding="UTF-8"?>
<!-- Generated by org.testng.reporters.JUnitXMLReporter -->
<testsuite ignored="3" hostname="LAPTOP-077COGF2" failures="0" tests="2" name="NOPCommerceResource" time="26.617" errors="0" timestamp="2022-12-21T03:18:07 GMT">
  <testcase classname="com.Testcases.TC_001_LoginTest" name="loginTest" time="2.114"/>
  <testcase classname="com.Testcases.TC_002_AddNewCustomerTest" name="AddnewCustomer" time="13.704"/>
  <testcase classname="com.Testcases.TC_004_SearchCustomerByName" name="searchCustomerbyName" time="0.0">
    <ignored/>
  </testcase> <!-- searchCustomerbyName -->
  <testcase classname="com.Testcases.TC_003_SearchCustomerByEmail" name="searchCustomerbyEmail" time="0.0">
    <ignored/>
  </testcase> <!-- searchCustomerbyEmail -->
  <testcase classname="com.Testcases.TC_005_DDT" name="loginTestDDT" time="0.0">
    <ignored/>
  </testcase> <!-- loginTestDDT -->
</testsuite> <!-- NOPCommerceResource -->
